<?xml version="1.0" encoding="UTF-8"?>
<!-- Generated by org.testng.reporters.JUnitReportReporter -->
<testsuite hostname="SHAFIQ" failures="0" tests="3" name="tests.PolicyCreationTests" time="3.548" errors="0" timestamp="2025-09-06T12:15:24 IST" skipped="0">
  <testcase classname="tests.PolicyCreationTests" name="createPolicyTest" time="0.990"/>
  <testcase classname="tests.PolicyCreationTests" name="createPolicyTest" time="1.089"/>
  <testcase classname="tests.PolicyCreationTests" name="createPolicyTest" time="1.469"/>
</testsuite> <!-- tests.PolicyCreationTests -->
