<?xml version="1.0" encoding="UTF-8"?>
<!-- Generated by org.testng.reporters.JUnitReportReporter -->
<testsuite hostname="SHAFIQ" failures="0" tests="9" name="com.insurance.PolicyServiceTest" time="0.056" errors="0" timestamp="2025-09-04T19:36:41 IST" skipped="0">
  <testcase classname="com.insurance.PolicyServiceTest" name="testCalculatePremiumInvalidType" time="0.004"/>
  <testcase classname="com.insurance.PolicyServiceTest" name="testCalculatePremiumHealth" time="0.013"/>
  <testcase classname="com.insurance.PolicyServiceTest" name="testCalculatePremiumVehicle" time="0.002"/>
  <testcase classname="com.insurance.PolicyServiceTest" name="testCalculatePremiumInvalidAge" time="0.005"/>
  <testcase classname="com.insurance.PolicyServiceTest" name="testSubmitClaim" time="0.017"/>
  <testcase classname="com.insurance.PolicyServiceTest" name="testCalculatePremiumLife" time="0.003"/>
  <testcase classname="com.insurance.PolicyServiceTest" name="testCreatePolicy" time="0.006"/>
  <testcase classname="com.insurance.PolicyServiceTest" name="testRenewPolicyFailureNonExpired" time="0.004"/>
  <testcase classname="com.insurance.PolicyServiceTest" name="testRenewPolicySuccess" time="0.002"/>
</testsuite> <!-- com.insurance.PolicyServiceTest -->
