<?xml version="1.0" encoding="UTF-8"?>
<!-- Generated by org.testng.reporters.JUnitXMLReporter -->
<testsuite ignored="0" hostname="SHAFIQ" failures="2" tests="9" name="PolicyTests" time="28.272" errors="0" timestamp="2025-09-08T19:45:15 IST">
  <testcase classname="testcases.Tests" name="loginInvalidTest" time="0.63"/>
  <testcase classname="testcases.Tests" name="loginValidTest" time="0.483"/>
  <testcase classname="testcases.Tests" name="policyCreationTest" time="3.442"/>
  <testcase classname="testcases.Tests" name="policyCreationTest" time="2.876"/>
  <testcase classname="testcases.Tests" name="policyCreationTest" time="2.901"/>
  <testcase classname="testcases.Tests" name="premiumCalculationTest" time="0.657"/>
  <testcase classname="testcases.Tests" name="claimsProcessingTest" time="0.609">
    <failure type="java.lang.AssertionError" message="expected [true] but found [false]">
      <![CDATA[java.lang.AssertionError: expected [true] but found [false]
at testcases.Tests.claimsProcessingTest(Tests.java:123)
at java.base/java.util.ArrayList.forEach(ArrayList.java:1596)
... Removed 29 stack frames]]>
    </failure>
  </testcase> <!-- claimsProcessingTest -->
  <testcase classname="testcases.Tests" name="policyRenewalTest" time="0.165"/>
  <testcase classname="testcases.Tests" name="Logout" time="11.295">
    <failure type="org.openqa.selenium.ElementClickInterceptedException" message="element click intercepted: Element &amp;lt;button id=&amp;quot;logout-btn&amp;quot; class=&amp;quot;bg-red-500 text-white px-4 py-2 rounded-lg hover:bg-red-600 transition duration-200 shadow-md&amp;quot;&amp;gt;...&amp;lt;/button&amp;gt; is not clickable at point (1134, 20). Other element would receive the click: &amp;lt;div id=&amp;quot;payment-modal&amp;quot; class=&amp;quot;fixed inset-0 bg-gray-600 bg-opacity-50 items-center justify-center p-4 flex&amp;quot;&amp;gt;...&amp;lt;/div&amp;gt;
  (Session info: chrome=139.0.7258.155)
Build info: version: &amp;apos;4.23.0&amp;apos;, revision: &amp;apos;4df0a231af&amp;apos;
System info: os.name: &amp;apos;Windows 11&amp;apos;, os.arch: &amp;apos;amd64&amp;apos;, os.version: &amp;apos;10.0&amp;apos;, java.version: &amp;apos;21.0.7&amp;apos;
Driver info: org.openqa.selenium.chrome.ChromeDriver
Command: [1c005c80dc4ef1459699a45efbb33e33, clickElement {id=f.5D196DD068198429423FFF47754067B2.d.E7738690FA0F028B334694604127694F.e.53}]
Capabilities {acceptInsecureCerts: false, browserName: chrome, browserVersion: 139.0.7258.155, chrome: {chromedriverVersion: 139.0.7258.154 (9e0d6b2b47f..., userDataDir: C:\WINDOWS\TEMP\scoped_dir2...}, fedcm:accounts: true, goog:chromeOptions: {debuggerAddress: localhost:57851}, networkConnectionEnabled: false, pageLoadStrategy: normal, platformName: windows, proxy: Proxy(), se:cdp: ws://localhost:57851/devtoo..., se:cdpVersion: 139.0.7258.155, setWindowRect: true, strictFileInteractability: false, timeouts: {implicit: 0, pageLoad: 300000, script: 30000}, unhandledPromptBehavior: dismiss and notify, webauthn:extension:credBlob: true, webauthn:extension:largeBlob: true, webauthn:extension:minPinLength: true, webauthn:extension:prf: true, webauthn:virtualAuthenticators: true}
Element: [[ChromeDriver: chrome on windows (1c005c80dc4ef1459699a45efbb33e33)] -&amp;gt; id: logout-btn]
Session ID: 1c005c80dc4ef1459699a45efbb33e33">
      <![CDATA[org.openqa.selenium.ElementClickInterceptedException: element click intercepted: Element <button id="logout-btn" class="bg-red-500 text-white px-4 py-2 rounded-lg hover:bg-red-600 transition duration-200 shadow-md">...</button> is not clickable at point (1134, 20). Other element would receive the click: <div id="payment-modal" class="fixed inset-0 bg-gray-600 bg-opacity-50 items-center justify-center p-4 flex">...</div>
  (Session info: chrome=139.0.7258.155)
Build info: version: '4.23.0', revision: '4df0a231af'
System info: os.name: 'Windows 11', os.arch: 'amd64', os.version: '10.0', java.version: '21.0.7'
Driver info: org.openqa.selenium.chrome.ChromeDriver
Command: [1c005c80dc4ef1459699a45efbb33e33, clickElement {id=f.5D196DD068198429423FFF47754067B2.d.E7738690FA0F028B334694604127694F.e.53}]
Capabilities {acceptInsecureCerts: false, browserName: chrome, browserVersion: 139.0.7258.155, chrome: {chromedriverVersion: 139.0.7258.154 (9e0d6b2b47f..., userDataDir: C:\WINDOWS\TEMP\scoped_dir2...}, fedcm:accounts: true, goog:chromeOptions: {debuggerAddress: localhost:57851}, networkConnectionEnabled: false, pageLoadStrategy: normal, platformName: windows, proxy: Proxy(), se:cdp: ws://localhost:57851/devtoo..., se:cdpVersion: 139.0.7258.155, setWindowRect: true, strictFileInteractability: false, timeouts: {implicit: 0, pageLoad: 300000, script: 30000}, unhandledPromptBehavior: dismiss and notify, webauthn:extension:credBlob: true, webauthn:extension:largeBlob: true, webauthn:extension:minPinLength: true, webauthn:extension:prf: true, webauthn:virtualAuthenticators: true}
Element: [[ChromeDriver: chrome on windows (1c005c80dc4ef1459699a45efbb33e33)] -> id: logout-btn]
Session ID: 1c005c80dc4ef1459699a45efbb33e33
at org.openqa.selenium.remote.ErrorCodec.decode(ErrorCodec.java:167)
at org.openqa.selenium.remote.codec.w3c.W3CHttpResponseCodec.decode(W3CHttpResponseCodec.java:138)
at org.openqa.selenium.remote.codec.w3c.W3CHttpResponseCodec.decode(W3CHttpResponseCodec.java:50)
at org.openqa.selenium.remote.HttpCommandExecutor.execute(HttpCommandExecutor.java:190)
at org.openqa.selenium.remote.service.DriverCommandExecutor.invokeExecute(DriverCommandExecutor.java:216)
at org.openqa.selenium.remote.service.DriverCommandExecutor.execute(DriverCommandExecutor.java:174)
at org.openqa.selenium.remote.RemoteWebDriver.execute(RemoteWebDriver.java:527)
at org.openqa.selenium.remote.RemoteWebElement.execute(RemoteWebElement.java:223)
at org.openqa.selenium.remote.RemoteWebElement.click(RemoteWebElement.java:76)
at testcases.Tests.Logout(Tests.java:153)
at java.base/java.util.ArrayList.forEach(ArrayList.java:1596)
... Removed 28 stack frames]]>
    </failure>
  </testcase> <!-- Logout -->
</testsuite> <!-- PolicyTests -->
