<?xml version="1.0" encoding="UTF-8"?>
<!-- Generated by org.testng.reporters.JUnitXMLReporter -->
<testsuite ignored="0" hostname="SHAFIQ" failures="0" tests="8" name="PolicyTests1" time="0.816" errors="0" timestamp="2025-09-08T16:04:47 IST">
  <testcase classname="testcases.PolicyTest1" name="loginInvalidTest" time="0.0">
    <skipped/>
  </testcase> <!-- loginInvalidTest -->
  <testcase classname="testcases.PolicyTest1" name="loginValidTest" time="0.0">
    <skipped/>
  </testcase> <!-- loginValidTest -->
  <testcase classname="testcases.PolicyTest1" name="policyCreationTest" time="0.0">
    <skipped/>
  </testcase> <!-- policyCreationTest -->
  <testcase classname="testcases.PolicyTest1" name="policyCreationTest" time="0.0">
    <skipped/>
  </testcase> <!-- policyCreationTest -->
  <testcase classname="testcases.PolicyTest1" name="policyCreationTest" time="0.0">
    <skipped/>
  </testcase> <!-- policyCreationTest -->
  <testcase classname="testcases.PolicyTest1" name="premiumCalculationTest" time="0.0">
    <skipped/>
  </testcase> <!-- premiumCalculationTest -->
  <testcase classname="testcases.PolicyTest1" name="claimsProcessingTest" time="0.0">
    <skipped/>
  </testcase> <!-- claimsProcessingTest -->
  <testcase classname="testcases.PolicyTest1" name="policyRenewalTest" time="0.0">
    <skipped/>
  </testcase> <!-- policyRenewalTest -->
</testsuite> <!-- PolicyTests1 -->
